      P001          V -255.00000       EV    0.04340        EV    0.00000
      P002          V -250.00000       EV    0.04180        EV    0.00000
      P003          V -245.00000       EV    0.04150        EV    0.00000
      P004          V -240.00000       EV    0.03790        EV    0.00000
      P005          V -235.00000       EV    0.04070        EV    0.00000
      P006          V -230.00000       EV    0.03890        EV    0.00000
      P007          V -225.00000       EV    0.03780        EV    0.00000
      P008          V -220.00000       EV    0.03640        EV    0.00000
      P009          V -215.00000       EV    0.03670        EV    0.00000
      P010          V -210.00000       EV    0.03760        EV    0.00000
      P011          V -205.00000       EV    0.03300        EV    0.00000
      P012          V -200.00000       EV    0.03470        EV    0.00000
      P013          V -195.00000       EV    0.03360        EV    0.00000
      P014          V -190.00000       EV    0.03380        EV    0.00000
      P015          V -185.00000       EV    0.02930        EV    0.00000
      P016          V -180.00000       EV    0.03130        EV    0.00000
      P017          V -175.00000       EV    0.03050        EV    0.00000
      P018          V -170.00000       EV    0.02750        EV    0.00000
      P019          V -165.00000       EV    0.02700        EV    0.00000
      P020          V -160.00000       EV    0.02840        EV    0.00000
      P021          V -155.00000       EV    0.02470        EV    0.00000
      P022          V -150.00000       EV    0.02460        EV    0.00000
      P023          V -145.00000       EV    0.02540        EV    0.00000
      P024          V -140.00000       EV    0.02270        EV    0.00000
      P025          V -135.00000       EV    0.02410        EV    0.00000
      P026          V -130.00000       EV    0.02194        EV    0.00000
      P027          V -125.00000       EV    0.02563        EV    0.00000
      P028          V -120.00000       EV    0.02300        EV    0.00000
      P029          V -115.00000       EV    0.02499        EV    0.00000
      P030          V -110.00000       EV    0.02117        EV    0.00000
      P031          V -105.00000       EV    0.02218        EV    0.00000
      P032          V -100.00000       EV    0.01946        EV    0.00000
      P033          V  -95.00000       EV    0.01900        EV    0.00000
      P034          V  -90.00000       EV    0.01913        EV    0.00000
      P035          V  -85.00000       EV    0.01409        EV    0.00000
      P036          V  -80.00000       EV    0.01415        EV    0.00000
      P037          V  -75.00000       EV    0.01220        EV    0.00000
      P038          V  -70.00000       EV    0.01211        EV    0.00000
      P039          V  -65.00000       EV    0.01042        EV    0.00000
      P040          V  -60.00000       EV    0.01175        EV    0.00000
      P041          V  -55.00000       EV    0.00437        EV    0.00000
      P042          V  -50.00000       EV    0.00702        EV    0.00000
      P043          V  -45.00000       EV    0.00794        EV    0.00000
      P044          V  -40.00000       EV    0.00171        EV    0.00000
      P045          V  -35.00000       EV    0.00365        EV    0.00000
      P046          V  -30.00000       EV    0.00043        EV    0.00000
      P047          V  -25.00000       EV   -0.00013        EV    0.00000
      P048          V  -20.00000       EV    0.00050        EV    0.00000
      P049          V  -15.00000       EV    0.00040        EV    0.00000
      P050          V  -10.00000       EV   -0.00282        EV    0.00000
      P051          V   -5.00000       EV   -0.00244        EV    0.00000
      P052          V    0.00000       EV   -0.00291        EV    0.00000
      P053          V    5.00000       EV    0.00000        EV    0.00000
